
*** Running vivado
    with args -log top.vdi -applog -m64 -product Vivado -messageDb vivado.pb -mode batch -source top.tcl -notrace



****** Vivado v2022.2 (64-bit)
  **** SW Build 3671981 on Fri Oct 14 05:00:03 MDT 2022
  **** IP Build 3669848 on Fri Oct 14 08:30:02 MDT 2022
    ** Copyright 1986-2022 Xilinx, Inc. All Rights Reserved.

source top.tcl -notrace
create_project: Time (s): cpu = 00:00:09 ; elapsed = 00:00:09 . Memory (MB): peak = 416.992 ; gain = 78.602
Command: link_design -top top -part xc7a35tcpg236-1
Design is defaulting to srcset: sources_1
Design is defaulting to constrset: constrs_1
INFO: [Device 21-403] Loading part xc7a35tcpg236-1
Netlist sorting complete. Time (s): cpu = 00:00:00 ; elapsed = 00:00:00.001 . Memory (MB): peak = 818.547 ; gain = 0.000
INFO: [Project 1-479] Netlist was created with Vivado 2022.2
INFO: [Project 1-570] Preparing netlist for logic optimization
Parsing XDC File [C:/git/Basys-3-FPGA-projects/LED_exercise/LED_exercise.srcs/constrs_1/imports/digilent-xdc-master/Basys-3-Master.xdc]
WARNING: [Vivado 12-584] No ports matched 'clk'. [C:/git/Basys-3-FPGA-projects/LED_exercise/LED_exercise.srcs/constrs_1/imports/digilent-xdc-master/Basys-3-Master.xdc:7]
CRITICAL WARNING: [Common 17-55] 'set_property' expects at least one object. [C:/git/Basys-3-FPGA-projects/LED_exercise/LED_exercise.srcs/constrs_1/imports/digilent-xdc-master/Basys-3-Master.xdc:7]
Resolution: If [get_<value>] was used to populate the object, check to make sure this command returns at least one valid object.
WARNING: [Vivado 12-584] No ports matched 'clk'. [C:/git/Basys-3-FPGA-projects/LED_exercise/LED_exercise.srcs/constrs_1/imports/digilent-xdc-master/Basys-3-Master.xdc:8]
CRITICAL WARNING: [Vivado 12-4739] create_clock:No valid object(s) found for '-objects [get_ports clk]'. [C:/git/Basys-3-FPGA-projects/LED_exercise/LED_exercise.srcs/constrs_1/imports/digilent-xdc-master/Basys-3-Master.xdc:8]
Resolution: Check if the specified object(s) exists in the current design. If it does, ensure that the correct design hierarchy was specified for the object. If you are working with clocks, make sure create_clock was used to create the clock object before it is referenced.
WARNING: [Vivado 12-584] No ports matched 'sw[15]'. [C:/git/Basys-3-FPGA-projects/LED_exercise/LED_exercise.srcs/constrs_1/imports/digilent-xdc-master/Basys-3-Master.xdc:27]
CRITICAL WARNING: [Common 17-55] 'set_property' expects at least one object. [C:/git/Basys-3-FPGA-projects/LED_exercise/LED_exercise.srcs/constrs_1/imports/digilent-xdc-master/Basys-3-Master.xdc:27]
Resolution: If [get_<value>] was used to populate the object, check to make sure this command returns at least one valid object.
Finished Parsing XDC File [C:/git/Basys-3-FPGA-projects/LED_exercise/LED_exercise.srcs/constrs_1/imports/digilent-xdc-master/Basys-3-Master.xdc]
INFO: [Opt 31-138] Pushed 0 inverter(s) to 0 load pin(s).
Netlist sorting complete. Time (s): cpu = 00:00:00 ; elapsed = 00:00:00 . Memory (MB): peak = 933.758 ; gain = 0.000
INFO: [Project 1-111] Unisim Transformation Summary:
No Unisim elements were transformed.

5 Infos, 3 Warnings, 3 Critical Warnings and 0 Errors encountered.
link_design completed successfully
link_design: Time (s): cpu = 00:00:07 ; elapsed = 00:00:08 . Memory (MB): peak = 937.805 ; gain = 515.859
Command: opt_design
Attempting to get a license for feature 'Implementation' and/or device 'xc7a35t'
INFO: [Common 17-349] Got license for feature 'Implementation' and/or device 'xc7a35t'
Running DRC as a precondition to command opt_design

Starting DRC Task
INFO: [DRC 23-27] Running DRC with 2 threads
ERROR: [DRC MDRV-1] Multiple Driver Nets: Net led10_OBUF has multiple drivers: led10_OBUF_inst_i_2/O, and led10_OBUF_inst_i_1/O.
INFO: [Project 1-461] DRC finished with 1 Errors
INFO: [Project 1-462] Please refer to the DRC report (report_drc) for more information.
ERROR: [Vivado_Tcl 4-78] Error(s) found during DRC. Opt_design not run.

Time (s): cpu = 00:00:03 ; elapsed = 00:00:02 . Memory (MB): peak = 960.723 ; gain = 22.918
INFO: [Common 17-83] Releasing license: Implementation
10 Infos, 3 Warnings, 3 Critical Warnings and 2 Errors encountered.
opt_design failed
ERROR: [Common 17-39] 'opt_design' failed due to earlier errors.

INFO: [Common 17-206] Exiting Vivado at Sat Jan 21 15:30:50 2023...
